make.exe all --print-data-base --no-builtin-variables --no-builtin-rules --question
# GNU Make 4.3
# Built for Windows32
# Copyright (C) 1988-2020 Free Software Foundation, Inc.
# License GPLv3+: GNU GPL version 3 or later <http://gnu.org/licenses/gpl.html>
# This is free software: you are free to change and redistribute it.
# There is NO WARRANTY, to the extent permitted by law.

# Make data base, printed on Wed Jul 27 15:00:10 2022

# Variables

# environment
FPS_BROWSER_APP_PROFILE_STRING = Internet Explorer
# environment
SYSTEMDRIVE = C:
# environment
LC_ALL = C
# environment
USERPROFILE = C:\Users\l30028760
# makefile (from 'Makefile', line 15)
SRC_PATH = ./src
# environment
LOCALAPPDATA = C:\Users\l30028760\AppData\Local
# environment
VSCODE_IPC_HOOK_EXTHOST = \\.\pipe\vscode-ipc-ff3f032e-c6c8-4690-ac22-7d9cb242f2e1-sock
# environment
VSCODE_CWD = D:\VSCode_huawei\VSCode-huawei
# environment
SYSTEMROOT = C:\windows
# makefile (from 'Makefile', line 17)
LIBS = $(LIB_PATH) -lpaho-mqtt3as -lssl -lcrypto -lz
# environment
PROCESSOR_LEVEL = 6
# environment
PSMODULEPATH = C:\Program Files\WindowsPowerShell\Modules;C:\windows\system32\WindowsPowerShell\v1.0\Modules
# default
MAKE_COMMAND := make.exe
# environment
USERDNSDOMAIN = CHINA.HUAWEI.COM
# automatic
@D = $(patsubst %/,%,$(patsubst %\,%,$(dir $@)))
# environment
CHROME_CRASHPAD_PIPE_NAME = \\.\pipe\crashpad_12704_BCGUQUWJGNAUSLQV
# environment
FPS_BROWSER_USER_PROFILE_STRING = Default
# environment
VSCODE_HANDLES_UNCAUGHT_ERRORS = true
# default
.VARIABLES := 
# automatic
%D = $(patsubst %/,%,$(patsubst %\,%,$(dir $%)))
# automatic
^D = $(patsubst %/,%,$(patsubst %\,%,$(dir $^)))
# environment
VSCODE_LOG_STACK = false
# automatic
%F = $(notdir $%)
# environment
VSCODE_CODE_CACHE_PATH = C:\Users\l30028760\AppData\Roaming\VSCode-huawei\CachedData\275b0d4467d0d5a5df918259d61b5a16b908e296
# environment
LANG = C
# makefile (from 'Makef 
ile', line 13)
HEADER_PATH = -I./include
# default
.LOADED := 
# environment
TMP = C:\Users\L30028~1\AppData\Local\Temp
# default
.INCLUDE_DIRS = .
# makefile
MAKEFLAGS = pqrR
# environment
ONEDRIVE = C:\Users\l30028760\OneDrive
# makefile
CURDIR := d:/dome/test1/huaweicloud-iot-device-sdk-c
# environment
VSCODE_PIPE_LOGGING = true
# environment
APPLICATION_INSIGHTS_NO_DIAGNOSTIC_CHANNEL = true
# automatic
*D = $(patsubst %/,%,$(patsubst %\,%,$(dir $*)))
# environment
PROGRAMFILES = C:\Program Files
# environment
MFLAGS = -pqrR
# default
.SHELLFLAGS := -c
# environment
COMMONPROGRAMW6432 = C:\Program Files\Common Files
# automatic
+D = $(patsubst %/,%,$(patsubst %\,%,$(dir $+)))
# makefile (from 'Makefile', line 1)
MAKEFILE_LIST := Makefile
# automatic
@F = $(notdir $@)
# environment
VSCODE_VERBOSE_LOGGING = true
# environment
VSCODE_PID = 12704
# automatic
?D = $(patsubst %/,%,$(patsubst %\,%,$(dir $?)))
# automatic
*F = $(notdir $*)
# automatic
<D = $(patsubst %/,%,$(patsubst %\,%,$(dir $<)))
# environment
VSCODE_NLS_CONFIG = {"locale":"zh-cn","availableLanguages":{"*":"zh-cn"},"_languagePackId":"18e08e6038d614d583ada84ed90fad93.zh-cn","_translationsConfigFile":"C:\\Users\\l30028760\\AppData\\Roaming\\VSCode-huawei\\clp\\18e08e6038d614d583ada84ed90fad93.zh-cn\\tcf.json","_cacheRoot":"C:\\Users\\l30028760\\AppData\\Roaming\\VSCode-huawei\\clp\\18e08e6038d614d583ada84ed90fad93.zh-cn","_resolvedLanguagePackCoreLocation":"C:\\Users\\l30028760\\AppData\\Roaming\\VSCode-huawei\\clp\\18e08e6038d614d583ada84ed90fad93.zh-cn\\275b0d4467d0d5a5df918259d61b5a16b908e296","_corruptedFile":"C:\\Users\\l30028760\\AppData\\Roaming\\VSCode-huawei\\clp\\18e08e6038d614d583ada84ed90fad93.zh-cn\\corrupted.info","_languagePackSupport":true}
# default
MAKE_HOST := Windows32
# makefile (from 'Makefile', line 7)
OBJS = hmac_sha256.o mqtt_base.o log_util.o string_util.o cJSON.o json_util.o base.o callback_func.o login.o subscribe.o data_trans.o iota_init.o iota_login.o iota_datatrans.o device_demo.o file_manager.o
# environment
PROGRAMDATA = C:\ProgramData
# default
SHELL := sh.exe
# environment
HOMEPATH = \Users\l30028760
# default
MAKECMDGOALS := all
# environment
DRIVERDATA = C:\Windows\System32\Drivers\DriverData
# environment
COMSPEC = C:\windows\system32\cmd.exe
# environment
WINDIR = C:\windows
# environment
MAKELEVEL := 0
# default
MAKE = $(MAKE_COMMAND)
# environment
PATH = C:\Program Files\Huawei\jre1.8.0_262\bin;C:\windows;C:\windows\system32;C:\windows\System32\Wbem;C:\windows\System32\WindowsPowerShell\v1.0;C:\Windows;C:\Windows\system32;C:\Windows\System32\Wbem;C:\Windows\System32\WindowsPowerShell\v1.0;C:\windows\System32\WindowsPowerShell\v1.0\;C:\windows\System32\OpenSSH\;C:\Program Files\Intel\WiFi\bin\;C:\Program Files\Common Files\Intel\WirelessCommon\;D:\VSCode_huawei\VSCode-huawei\bin;D:\Xshell\;D:\J-Link\JLink.exe;C:\Users\l30028760\AppData\Local\Microsoft\WindowsApps;;C:\Users\l30028760\AppData\Local\Programs\Microsoft VS Code\bin;D:\wecode_build_tools\mingw\bin
# environment
COMPUTERNAME = SZA191256988-B
# default
MAKEFILES := 
# automatic
^F = $(notdir $^)
# environment
PROMPT = $P$G
# environment
LOGONSERVER = \\DGGPADDC00062
# environment
VSCODE_LOG_NATIVE = false
# environment
USERNAME = l30028760
# environment
COMMONPROGRAMFILES = C:\Program Files\Common Files
# automatic
?F = $(notdir $?)
# environment
PROGRAMW6432 = C:\Program Files
# environment
PATHEXT = .COM;.EXE;.BAT;.CMD;.VBS;.VBE;.JS;.JSE;.WSF;.WSH;.MSC
# makefile (from 'Makefile', line 14)
LIB_PATH = -L./lib
# automatic
+F = $(notdir $+)
# environment
ORIGINAL_XDG_CURRENT_DESKTOP = undefined
# environment
USERDOMAIN = CHINA
# 'override' directive
GNUMAKEFLAGS := 
# environment
OS = Windows_NT
# makefile
.DEFAULT_GOAL := MQTT_Demo.exe
# default
MAKE_VERSION := 4.3
# environment
PROGRAMFILES(X86) = C:\Program Files (x86)
# environment
USERDOMAIN_ROAMINGPROFILE = CHINA
# environment
NUMBER_OF_PROCESSORS = 8
# environment
NODE_TLS_REJECT_UNAUTHORIZED = 0
# environment
PUBLIC = C:\Users\Public
# environment
APPDATA = C:\Users\l30028760\AppData\Roaming
# makefile (from 'Makefile', line 2)
CFLAGS = -g -w -lrt -m64 -Wl,-z,relro,-z,now,-z,noexecstack -fno-strict-aliasing -fno-omit-frame-pointer -pipe -Wall -fPIC -MD -MP -fno-common -freg-struct-return  -fno-inline -fno-exceptions -Wfloat-equal -Wshadow -Wformat=2 -Wextra -rdynamic -Wl,-z,relro,-z,noexecstack  -fstrength-reduce -fsigned-char -ffunction-sections -fdata-sections -Wpointer-arith -Wcast-qual -Waggregate-return -Winline -Wunreachable-code -Wcast-align -Wundef -Wredundant-decls  -Wstrict-prototypes -Wmissing-prototypes -Wnested-externs
# environment
HOMEDRIVE = C:
# environment
PROCESSOR_ARCHITECTURE = AMD64
# environment
VSCODE_AMD_ENTRYPOINT = vs/workbench/services/extensions/node/extensionHostProcess
# environment
COMMONPROGRAMFILES(X86) = C:\Program Files (x86)\Common Files
# environment
ELECTRON_RUN_AS_NODE = 1
# environment
TEMP = C:\Users\L30028~1\AppData\Local\Temp
# environment
VSCODE_IPC_HOOK = \\.\pipe\026bbfaf8c0ce6e4258dadf03d952850-1.64.2-main-sock
# default
.RECIPEPREFIX := 
# automatic
<F = $(notdir $<)
# default
SUFFIXES := 
# environment
ALLUSERSPROFILE = C:\ProgramData
# makefile (from 'Makefile', line 22)
TARGET = MQTT_Demo.exe
# environment
SESSIONNAME = Console
# makefile (from 'Makefile', line 5)
CXXFLAGS = -O2 -g -Wall -fmessage-length=0 -lrt -m64 -Wl,-z,relro,-z,now,-z,noexecstack -fno-strict-aliasing -fno-omit-frame-pointer -pipe -Wall -fPIC -MD -MP -fno-common -freg-struct-return  -fno-inline -fno-exceptions -Wfloat-equal -Wshadow -Wformat=2 -Wextra -rdynamic -Wl,-z,relro,-z,noexecstack -fstack-protector-strong -fstrength-reduce -fno-builtin -fsigned-char -ffunction-sections -fdata-sections -Wpointer-arith -Wcast-qual -Waggregate-return -Winline -Wunreachable-code -Wcast-align -Wundef -Wredundant-decls  -Wstrict-prototypes -Wmissing-prototypes -Wnested-externs
# default
.FEATURES := target-specific order-only second-expansion else-if shortest-stem undefine oneshell nocomment grouped-target extra-prereqs archives jobserver output-sync load
# environment
PROCESSOR_REVISION = 8e0c
# makefile (from 'Makefile', line 1)
CC = gcc
# environment
PROCESSOR_IDENTIFIER = Intel64 Family 6 Model 142 Stepping 12, GenuineIntel
# variable set hash-table stats:
# Load=104/1024=10%, Rehash=0, Collisions=10/164=6%

# Pattern-specific Variable Values

# No pattern-specific variable values.

# Directories

# . (key d:/dome/test1/huaweicloud-iot-device-sdk-c, mtime 1658886166): 16 files, no impossibilities.

# 16 files, no impossibilities in 1 directories.

# Implicit Rules

# No implicit rules.

# Files

# Not a target:
src/util/log_util.c:
#  Implicit rule search has not been done.
#  Modification time never checked.
#  File has not been updated.

# Not a target:
src/device_demo/device_demo.c:
#  Implicit rule search has not been done.
#  Modification time never checked.
#  File has not been updated.

cJSON.o: src/third_party/cjson/cJSON.c
#  Implicit rule search has not been done.
#  Modification time never checked.
#  File has not been updated.
#  recipe to execute (from 'Makefile', line 46):
	$(CC) $(CFLAGS) -c $(SRC_PATH)/third_party/cjson/cJSON.c -o cJSON.o $(HEADER_PATH)/third_party/cjson/ $(HEADER_PATH)/agentlite/
	

file_manager.o: src/agentlite/file_manager.c
#  Implicit rule search has not been done.
#  Modification time never checked.
#  File has not been updated.
#  recipe to execute (from 'Makefile', line 79):
	$(CC) $(CFLAGS) -c $(SRC_PATH)/agentlite/file_manager.c -o file_manager.o $(HEADER_PATH)/agentlite/ $(HEADER_PATH)/service/ $(HEADER_PATH)/util/ $(HEADER_PATH)/third_party/cjson/ $(HEADER_PATH) 

# Not a target:
src/agentlite/iota_init.c:
#  Implicit rule search has not been done.
#  Modification time never checked.
#  File has not been updated.

bootstrap_demo.o: src/bootstrap_demo/bootstrap_demo.c
#  Implicit rule search has not been done.
#  Modification time never checked.
#  File has not been updated.
#  recipe to execute (from 'Makefile', line 92):
	$(CC) $(CFLAGS) -c $(SRC_PATH)/bootstrap_demo/bootstrap_demo.c -o bootstrap_demo.o $(HEADER_PATH)/agentlite/ $(HEADER_PATH)/service/ $(HEADER_PATH)/util/ $(HEADER_PATH)/third_party/cjson/ $(HEADER_PATH) 
		

hmac_sha256.o: src/base/hmac_sha256.c
#  Implicit rule search has not been done.
#  Implicit/static pattern stem: ''
#  File does not exist.
#  File has been updated.
#  Needs to be updated (-q is set).
# automatic
# @ := hmac_sha256.o
# automatic
# * := 
# automatic
# < := src/base/hmac_sha256.c
# automatic
# + := src/base/hmac_sha256.c
# automatic
# % := 
# automatic
# ^ := src/base/hmac_sha256.c
# automatic
# ? := src/base/hmac_sha256.c
# automatic
# | := 
# variable set hash-table stats:
# Load=8/32=25%, Rehash=0, Collisions=3/18=17%
#  recipe to execute (from 'Makefile', line 33):
	$(CC) $(CFLAGS) -c $(SRC_PATH)/base/hmac_sha256.c -o hmac_sha256.o $(HEADER_PATH)/base/ $(HEADER_PATH)/agentlite/ $(HEADER_PATH)/util/ $(HEADER_PATH)

# Not a target:
Makefile:
#  Implicit rule search has been done.
#  Last modified 2022-07-21 10:19:16
#  File has been updated.
#  Successfully updated.

# Not a target:
src/base/mqtt_base.c:
#  Implicit rule search has not been done.
#  Modification time never checked.
#  File has not been updated.

subscribe.o: src/service/subscribe.c
#  Implicit rule search has not been done.
#  Modification time never checked.
#  File has not been updated.
#  recipe to execute (from 'Makefile', line 62):
	$(CC) $(CFLAGS) -c $(SRC_PATH)/service/subscribe.c -o subscribe.o $(HEADER_PATH)/service/ $(HEADER_PATH)/base/ $(HEADER_PATH)/util/ $(HEADER_PATH)/agentlite/
	

# Not a target:
src/service/subscribe.c:
#  Implicit rule search has not been done.
#  Modification time never checked.
#  File has not been updated.

mqtt_base.o: src/base/mqtt_base.c
#  Implicit rule search has not been done.
#  Modification time never checked.
#  File has not been updated.
#  recipe to execute (from 'Makefile', line 36):
	$(CC) $(CFLAGS) -c $(SRC_PATH)/base/mqtt_base.c -o mqtt_base.o $(HEADER_PATH)/base/ $(HEADER_PATH)/util/ $(HEADER_PATH)/agentlite/

clean:
#  Implicit rule search has not been done.
#  Modification time never checked.
#  File has not been updated.
#  recipe to execute (from 'Makefile', line 97):
	rm -f $(OBJS) $(TARGET) *.d

log_util.o: src/util/log_util.c
#  Implicit rule search has not been done.
#  Modification time never checked.
#  File has not been updated.
#  recipe to execute (from 'Makefile', line 40):
	$(CC) $(CFLAGS) -c $(SRC_PATH)/util/log_util.c -o log_util.o $(HEADER_PATH)/util/ $(HEADER_PATH)/agentlite/
	

# Not a target:
src/service/data_trans.c:
#  Implicit rule search has not been done.
#  Modification time never checked.
#  File has not been updated.

iota_init.o: src/agentlite/iota_init.c
#  Implicit rule search has not been done.
#  Modification time never checked.
#  File has not been updated.
#  recipe to execute (from 'Makefile', line 70):
	$(CC) $(CFLAGS) -c $(SRC_PATH)/agentlite/iota_init.c -o iota_init.o $(HEADER_PATH)/agentlite/ $(HEADER_PATH)/service/ $(HEADER_PATH)/util/

string_util.o: src/util/string_util.c
#  Implicit rule search has not been done.
#  Modification time never checked.
#  File has not been updated.
#  recipe to execute (from 'Makefile', line 43):
	$(CC) $(CFLAGS) -c $(SRC_PATH)/util/string_util.c -o string_util.o $(HEADER_PATH)/util/ $(HEADER_PATH)/agentlite/ $(HEADER_PATH)/third_party/zlib/
	

json_util.o: src/util/json_util.c
#  Implicit rule search has not been done.
#  Modification time never checked.
#  File has not been updated.
#  recipe to execute (from 'Makefile', line 49):
	$(CC) $(CFLAGS) -c $(SRC_PATH)/util/json_util.c -o json_util.o $(HEADER_PATH)/util/ $(HEADER_PATH)/third_party/cjson/ $(HEADER_PATH)/agentlite/

gateway_server_demo.o: src/gateway_demo/gateway_server_demo.c
#  Implicit rule search has not been done.
#  Modification time never checked.
#  File has not been updated.
#  recipe to execute (from 'Makefile', line 86):
	$(CC) $(CFLAGS) -c $(SRC_PATH)/gateway_demo/gateway_server_demo.c -o gateway_server_demo.o $(HEADER_PATH)/agentlite/ $(HEADER_PATH)/service/ $(HEADER_PATH)/util/ $(HEADER_PATH)/third_party/cjson/ $(HEADER_PATH)/protocol/ $(HEADER_PATH)

callback_func.o: src/service/callback_func.c
#  Implicit rule search has not been done.
#  Modification time never checked.
#  File has not been updated.
#  recipe to execute (from 'Makefile', line 56):
	$(CC) $(CFLAGS) -c $(SRC_PATH)/service/callback_func.c -o callback_func.o $(HEADER_PATH)/service/ $(HEADER_PATH)/base/ $(HEADER_PATH)/util/ $(HEADER_PATH)/agentlite/ $(HEADER_PATH)/third_party/cjson/ $(HEADER_PATH)
		

# Not a target:
src/service/callback_func.c:
#  Implicit rule search has not been done.
#  Modification time never checked.
#  File has not been updated.

# Not a target:
src/service/base.c:
#  Implicit rule search has not been done.
#  Modification time never checked.
#  File has not been updated.

data_trans.o: src/service/data_trans.c
#  Implicit rule search has not been done.
#  Modification time never checked.
#  File has not been updated.
#  recipe to execute (from 'Makefile', line 65):
	$(CC) $(CFLAGS) -c $(SRC_PATH)/service/data_trans.c -o data_trans.o $(HEADER_PATH)/service/ $(HEADER_PATH)/base/ $(HEADER_PATH)/util/ $(HEADER_PATH)/agentlite/ $(HEADER_PATH)/third_party/cjson/
		

# Not a target:
src/util/string_util.c:
#  Implicit rule search has not been done.
#  Modification time never checked.
#  File has not been updated.

# Not a target:
.DEFAULT:
#  Implicit rule search has not been done.
#  Modification time never checked.
#  File has not been updated.

iota_datatrans.o: src/agentlite/iota_datatrans.c
#  Implicit rule search has not been done.
#  Modification time never checked.
#  File has not been updated.
#  recipe to execute (from 'Makefile', line 76):
	$(CC) $(CFLAGS) -c $(SRC_PATH)/agentlite/iota_datatrans.c -o iota_datatrans.o $(HEADER_PATH)/agentlite/ $(HEADER_PATH)/service/ $(HEADER_PATH)/util/ $(HEADER_PATH)/third_party/cjson/ $(HEADER_PATH) 

all: MQTT_Demo.exe
#  Command line target.
#  Implicit rule search has been done.
#  File does not exist.
#  File has been updated.
#  Needs to be updated (-q is set).
# variable set hash-table stats:
# Load=0/32=0%, Rehash=0, Collisions=0/10=0%

login.o: src/service/login.c
#  Implicit rule search has not been done.
#  Modification time never checked.
#  File has not been updated.
#  recipe to execute (from 'Makefile', line 59):
	$(CC) $(CFLAGS) -c $(SRC_PATH)/service/login.c -o login.o $(HEADER_PATH)/service/ $(HEADER_PATH)/base/ $(HEADER_PATH)/agentlite/

# Not a target:
src/agentlite/file_manager.c:
#  Implicit rule search has not been done.
#  Modification time never checked.
#  File has not been updated.

device_demo.o: src/device_demo/device_demo.c
#  
 Implicit rule search has not been done.
#  Modification time never checked.
#  File has not been updated.
#  recipe to execute (from 'Makefile', line 89):
	$(CC) $(CFLAGS) -c $(SRC_PATH)/device_demo/device_demo.c -o device_demo.o $(HEADER_PATH)/agentlite/ $(HEADER_PATH)/service/ $(HEADER_PATH)/util/ $(HEADER_PATH)/third_party/cjson/ $(HEADER_PATH) 
	

# Not a target:
src/base/hmac_sha256.c:
#  Implicit rule search has been done.
#  Last modified 2022-07-20 17:51:46
#  File has been updated.
#  Successfully updated.

# Not a target:
src/util/json_util.c:
#  Implicit rule search has not been done.
#  Modification time never checked.
#  File has not been updated.

iota_login.o: src/agentlite/iota_login.c
#  Implicit rule search has not been done.
#  Modification time never checked.
#  File has not been updated.
#  recipe to execute (from 'Makefile', line 73):
	$(CC) $(CFLAGS) -c $(SRC_PATH)/agentlite/iota_login.c -o iota_login.o $(HEADER_PATH)/agentlite/ $(HEADER_PATH)/service/ $(HEADER_PATH)/agentlite/
	

# Not a target:
src/gateway_demo/generic_tcp_protocol.c:
#  Implicit rule search has not been done.
#  Modification time never checked.
#  File has not been updated.

base.o: src/service/base.c
#  Implicit rule search has not been done.
#  Modification time never checked.
#  File has not been updated.
#  recipe to execute (from 'Makefile', line 53):
	$(CC) $(CFLAGS) -c $(SRC_PATH)/service/base.c -o base.o $(HEADER_PATH)/service/ $(HEADER_PATH)/base/ $(HEADER_PATH)/agentlite/
	

# Not a target:
src/agentlite/iota_login.c:
#  Implicit rule search has not been done.
#  Modification time never checked.
#  File has not been updated.

generic_tcp_protocol.o: src/gateway_demo/generic_tcp_protocol.c
#  Implicit rule search has not been done.
#  Modification time never checked.
#  File has not been updated.
#  recipe to execute (from 'Makefile', line 83):
	$(CC) $(CFLAGS) -c $(SRC_PATH)/gateway_demo/generic_tcp_protocol.c -o generic_tcp_protocol.o $(HEADER_PATH)/agentlite/ $(HEADER_PATH)/service/ $(HEADER_PATH)/util/ $(HEADER_PATH)/third_party/cjson/ $(HEADER_PATH)/protocol/ $(HEADER_PATH)
	

# Not a target:
src/third_party/cjson/cJSON.c:
#  Implicit rule search has not been done.
#  Modification time never checked.
#  File has not been updated.

# Not a target:
src/bootstrap_demo/bootstrap_demo.c:
#  Implicit rule search has not been done.
#  Modification time never checked.
#  File has not been updated.

# Not a target:
src/gateway_demo/gateway_server_demo.c:
#  Implicit rule search has not been done.
#  Modification time never checked.
#  File has not been updated.

# Not a target:
.SUFFIXES:
#  Implicit rule search has not been done.
#  Modification time never checked.
#  File has not been updated.

MQTT_Demo.exe: hmac_sha256.o mqtt_base.o log_util.o string_util.o cJSON.o json_util.o base.o callback_func.o login.o subscribe.o data_trans.o iota_init.o iota_login.o iota_datatrans.o device_demo.o file_manager.o
#  Implicit rule search has not been done.
#  File does not exist.
#  File has been updated.
#  Needs to be updated (-q is set).
# variable set hash-table stats:
# Load=0/32=0%, Rehash=0, Collisions=0/10=0%
#  recipe to execute (from 'Makefile', line 29):
	$(CC) $(CFLAGS) -o $(TARGET) $(OBJS) $(LIBS)

# Not a target:
src/service/login.c:
#  Implicit rule search has not been done.
#  Modification time never checked.
#  File has not been updated.

# Not a target:
src/agentlite/iota_datatrans.c:
#  Implicit rule search has not been done.
#  Modification time never checked.
#  File has not been updated.

# files hash-table stats:
# Load=44/1024=4%, Rehash=0, Collisions=1/108=1%
# VPATH Search Paths

# No 'vpath' search paths.

# No general ('VPATH' variable) search path.

# strcache buffers: 1 (0) / strings = 59 / storage = 976 B / avg = 16 B
# current buf: size = 8162 B / used = 976 B / count = 59 / avg = 16 B

# strcache performance: lookups = 104 / hit rate = 43%
# hash-table stats:
# Load=59/8192=1%, Rehash=0, Collisions=0/104=0%
# Finished Make data base on Wed Jul 27 15:00:10 2022

 
